INFO:     Will watch for changes in these directories: ['/home/sergiir/Projects/CoreStudy/Hilel-School/y. FastAPI Practice/20260215_test']
INFO:     Uvicorn running on http://127.0.0.1:8000 (Press CTRL+C to quit)
INFO:     Started reloader process [53168] using StatReload
INFO:     Started server process [53177]
INFO:     Waiting for application startup.
INFO - 2026-02-15 19:20:03,991 - >> 
  🔧 Project is starting up on 127.0.0.1:8000
INFO - 2026-02-15 19:20:03,991 - >> 
 🔧 Checking database status...
ERROR - 2026-02-15 19:20:03,991 - ❌ Database initialization failed: unable to open database file
ERROR:    Traceback (most recent call last):
  File "/home/sergiir/Projects/CoreStudy/Hilel-School/y. FastAPI Practice/20260215_test/.venv/lib64/python3.14/site-packages/starlette/routing.py", line 694, in lifespan
    async with self.lifespan_context(app) as maybe_state:
               ~~~~~~~~~~~~~~~~~~~~~^^^^^
  File "/usr/lib64/python3.14/contextlib.py", line 214, in __aenter__
    return await anext(self.gen)
           ^^^^^^^^^^^^^^^^^^^^^
  File "/home/sergiir/Projects/CoreStudy/Hilel-School/y. FastAPI Practice/20260215_test/.venv/lib64/python3.14/site-packages/fastapi/routing.py", line 201, in merged_lifespan
    async with original_context(app) as maybe_original_state:
               ~~~~~~~~~~~~~~~~^^^^^
  File "/usr/lib64/python3.14/contextlib.py", line 214, in __aenter__
    return await anext(self.gen)
           ^^^^^^^^^^^^^^^^^^^^^
  File "/home/sergiir/Projects/CoreStudy/Hilel-School/y. FastAPI Practice/20260215_test/.venv/lib64/python3.14/site-packages/fastapi/routing.py", line 201, in merged_lifespan
    async with original_context(app) as maybe_original_state:
               ~~~~~~~~~~~~~~~~^^^^^
  File "/usr/lib64/python3.14/contextlib.py", line 214, in __aenter__
    return await anext(self.gen)
           ^^^^^^^^^^^^^^^^^^^^^
  File "/home/sergiir/Projects/CoreStudy/Hilel-School/y. FastAPI Practice/20260215_test/fin_app/extra/create_app.py", line 23, in lifespan
    with DBManager() as db:
         ~~~~~~~~~^^
  File "/home/sergiir/Projects/CoreStudy/Hilel-School/y. FastAPI Practice/20260215_test/fin_app/db/db_manager.py", line 16, in __init__
    init_db()
    ~~~~~~~^^
  File "/home/sergiir/Projects/CoreStudy/Hilel-School/y. FastAPI Practice/20260215_test/fin_app/db/db_scripts_DDL.py", line 34, in init_db
    with sqlite3.connect(DB_PATH) as conn:
         ~~~~~~~~~~~~~~~^^^^^^^^^
sqlite3.OperationalError: unable to open database file

ERROR:    Application startup failed. Exiting.
WARNING:  StatReload detected changes in 'fin_app/db/db_scripts_DDL.py'. Reloading...
INFO:     Started server process [54804]
INFO:     Waiting for application startup.
INFO - 2026-02-15 19:24:26,042 - >> 
  🔧 Project is starting up on 127.0.0.1:8000
INFO - 2026-02-15 19:24:26,042 - >> 
 🔧 Checking database status...
ERROR - 2026-02-15 19:24:26,042 - ❌ Database initialization failed: [Errno 13] Permission denied: '/data'
ERROR:    Traceback (most recent call last):
  File "/home/sergiir/Projects/CoreStudy/Hilel-School/y. FastAPI Practice/20260215_test/.venv/lib64/python3.14/site-packages/starlette/routing.py", line 694, in lifespan
    async with self.lifespan_context(app) as maybe_state:
               ~~~~~~~~~~~~~~~~~~~~~^^^^^
  File "/usr/lib64/python3.14/contextlib.py", line 214, in __aenter__
    return await anext(self.gen)
           ^^^^^^^^^^^^^^^^^^^^^
  File "/home/sergiir/Projects/CoreStudy/Hilel-School/y. FastAPI Practice/20260215_test/.venv/lib64/python3.14/site-packages/fastapi/routing.py", line 201, in merged_lifespan
    async with original_context(app) as maybe_original_state:
               ~~~~~~~~~~~~~~~~^^^^^
  File "/usr/lib64/python3.14/contextlib.py", line 214, in __aenter__
    return await anext(self.gen)
           ^^^^^^^^^^^^^^^^^^^^^
  File "/home/sergiir/Projects/CoreStudy/Hilel-School/y. FastAPI Practice/20260215_test/.venv/lib64/python3.14/site-packages/fastapi/routing.py", line 201, in merged_lifespan
    async with original_context(app) as maybe_original_state:
               ~~~~~~~~~~~~~~~~^^^^^
  File "/usr/lib64/python3.14/contextlib.py", line 214, in __aenter__
    return await anext(self.gen)
           ^^^^^^^^^^^^^^^^^^^^^
  File "/home/sergiir/Projects/CoreStudy/Hilel-School/y. FastAPI Practice/20260215_test/fin_app/extra/create_app.py", line 23, in lifespan
    with DBManager() as db:
         ~~~~~~~~~^^
  File "/home/sergiir/Projects/CoreStudy/Hilel-School/y. FastAPI Practice/20260215_test/fin_app/db/db_manager.py", line 16, in __init__
    init_db()
    ~~~~~~~^^
  File "/home/sergiir/Projects/CoreStudy/Hilel-School/y. FastAPI Practice/20260215_test/fin_app/db/db_scripts_DDL.py", line 37, in init_db
    os.makedirs(db_dir)
    ~~~~~~~~~~~^^^^^^^^
  File "<frozen os>", line 236, in makedirs
PermissionError: [Errno 13] Permission denied: '/data'

ERROR:    Application startup failed. Exiting.
WARNING:  StatReload detected changes in 'fin_app/db/db_scripts_DDL.py'. Reloading...
INFO:     Started server process [54868]
INFO:     Waiting for application startup.
INFO - 2026-02-15 19:24:34,428 - >> 
  🔧 Project is starting up on 127.0.0.1:8000
INFO - 2026-02-15 19:24:34,428 - >> 
 🔧 Checking database status...
ERROR - 2026-02-15 19:24:34,428 - ❌ Database initialization failed: [Errno 13] Permission denied: '/data'
ERROR:    Traceback (most recent call last):
  File "/home/sergiir/Projects/CoreStudy/Hilel-School/y. FastAPI Practice/20260215_test/.venv/lib64/python3.14/site-packages/starlette/routing.py", line 694, in lifespan
    async with self.lifespan_context(app) as maybe_state:
               ~~~~~~~~~~~~~~~~~~~~~^^^^^
  File "/usr/lib64/python3.14/contextlib.py", line 214, in __aenter__
    return await anext(self.gen)
           ^^^^^^^^^^^^^^^^^^^^^
  File "/home/sergiir/Projects/CoreStudy/Hilel-School/y. FastAPI Practice/20260215_test/.venv/lib64/python3.14/site-packages/fastapi/routing.py", line 201, in merged_lifespan
    async with original_context(app) as maybe_original_state:
               ~~~~~~~~~~~~~~~~^^^^^
  File "/usr/lib64/python3.14/contextlib.py", line 214, in __aenter__
    return await anext(self.gen)
           ^^^^^^^^^^^^^^^^^^^^^
  File "/home/sergiir/Projects/CoreStudy/Hilel-School/y. FastAPI Practice/20260215_test/.venv/lib64/python3.14/site-packages/fastapi/routing.py", line 201, in merged_lifespan
    async with original_context(app) as maybe_original_state:
               ~~~~~~~~~~~~~~~~^^^^^
  File "/usr/lib64/python3.14/contextlib.py", line 214, in __aenter__
    return await anext(self.gen)
           ^^^^^^^^^^^^^^^^^^^^^
  File "/home/sergiir/Projects/CoreStudy/Hilel-School/y. FastAPI Practice/20260215_test/fin_app/extra/create_app.py", line 23, in lifespan
    with DBManager() as db:
         ~~~~~~~~~^^
  File "/home/sergiir/Projects/CoreStudy/Hilel-School/y. FastAPI Practice/20260215_test/fin_app/db/db_manager.py", line 16, in __init__
    init_db()
    ~~~~~~~^^
  File "/home/sergiir/Projects/CoreStudy/Hilel-School/y. FastAPI Practice/20260215_test/fin_app/db/db_scripts_DDL.py", line 37, in init_db
    os.makedirs(db_dir)
    ~~~~~~~~~~~^^^^^^^^
  File "<frozen os>", line 236, in makedirs
PermissionError: [Errno 13] Permission denied: '/data'

ERROR:    Application startup failed. Exiting.
WARNING:  StatReload detected changes in 'fin_app/db/db_scripts_DDL.py'. Reloading...
INFO:     Started server process [54884]
INFO:     Waiting for application startup.
INFO - 2026-02-15 19:24:36,949 - >> 
  🔧 Project is starting up on 127.0.0.1:8000
INFO - 2026-02-15 19:24:36,949 - >> 
 🔧 Checking database status...
ERROR - 2026-02-15 19:24:36,949 - ❌ Database initialization failed: [Errno 13] Permission denied: '/data'
ERROR:    Traceback (most recent call last):
  File "/home/sergiir/Projects/CoreStudy/Hilel-School/y. FastAPI Practice/20260215_test/.venv/lib64/python3.14/site-packages/starlette/routing.py", line 694, in lifespan
    async with self.lifespan_context(app) as maybe_state:
               ~~~~~~~~~~~~~~~~~~~~~^^^^^
  File "/usr/lib64/python3.14/contextlib.py", line 214, in __aenter__
    return await anext(self.gen)
           ^^^^^^^^^^^^^^^^^^^^^
  File "/home/sergiir/Projects/CoreStudy/Hilel-School/y. FastAPI Practice/20260215_test/.venv/lib64/python3.14/site-packages/fastapi/routing.py", line 201, in merged_lifespan
    async with original_context(app) as maybe_original_state:
               ~~~~~~~~~~~~~~~~^^^^^
  File "/usr/lib64/python3.14/contextlib.py", line 214, in __aenter__
    return await anext(self.gen)
           ^^^^^^^^^^^^^^^^^^^^^
  File "/home/sergiir/Projects/CoreStudy/Hilel-School/y. FastAPI Practice/20260215_test/.venv/lib64/python3.14/site-packages/fastapi/routing.py", line 201, in merged_lifespan
    async with original_context(app) as maybe_original_state:
               ~~~~~~~~~~~~~~~~^^^^^
  File "/usr/lib64/python3.14/contextlib.py", line 214, in __aenter__
    return await anext(self.gen)
           ^^^^^^^^^^^^^^^^^^^^^
  File "/home/sergiir/Projects/CoreStudy/Hilel-School/y. FastAPI Practice/20260215_test/fin_app/extra/create_app.py", line 23, in lifespan
    with DBManager() as db:
         ~~~~~~~~~^^
  File "/home/sergiir/Projects/CoreStudy/Hilel-School/y. FastAPI Practice/20260215_test/fin_app/db/db_manager.py", line 16, in __init__
    init_db()
    ~~~~~~~^^
  File "/home/sergiir/Projects/CoreStudy/Hilel-School/y. FastAPI Practice/20260215_test/fin_app/db/db_scripts_DDL.py", line 37, in init_db
    os.makedirs(db_dir)
    ~~~~~~~~~~~^^^^^^^^
  File "<frozen os>", line 236, in makedirs
PermissionError: [Errno 13] Permission denied: '/data'

ERROR:    Application startup failed. Exiting.
